
======================================================================
🌾 OUTLIER ANALYSIS
======================================================================
ℹ️ Loading data from: E:\Projects\Working\Crop-Yield-Prediction\Phase-2\unified_dataset.csv
✅ Loaded 75,000 rows, 27 columns

----------------------------------------------------------------------
📋 Outlier Analysis (IQR Method)
----------------------------------------------------------------------

                          Column      Q1       Q3     Lower    Upper  Outliers    Pct
                            Year 2017.00  2022.00   2009.50  2029.50         0  0.00%
                     Rainfall_mm  570.91  1547.47   -893.93  3012.32      2639  3.52%
                   Temperature_C   20.74    30.60      5.95    45.39       292  0.39%
                        Humidity   56.55    85.69     12.84   129.40         0  0.00%
                  Sunshine_hours    5.50     8.50      1.00    13.00         0  0.00%
                             GDD 1246.18  2467.60   -585.94  4299.72       316  0.42%
                Rainfall_Anomaly   -0.15     0.15     -0.60     0.60         0  0.00%
                    Pressure_KPa  100.01   101.99     97.04   104.96         0  0.00%
                  Wind_Speed_Kmh   11.23    23.76     -7.57    42.56         0  0.00%
                         Soil_pH    6.19     7.44      4.32     9.32         0  0.00%
                    Soil_Quality   55.14    84.91     10.49   129.56         0  0.00%
                   OrganicCarbon    0.85     1.95     -0.80     3.60         0  0.00%
                        Nitrogen   43.23   138.15    -99.16   280.53      1228  1.64%
                      Phosphorus   39.66    80.75    -21.98   142.38      1103  1.47%
                       Potassium   38.05   102.16    -58.12   198.33      3843  5.12%
                   Soil_Moisture   35.16    65.15     -9.83   110.14         0  0.00%
Fertilizer_Amount_kg_per_hectare  124.37   274.50   -100.82   499.69         0  0.00%
                      Crop_Price 2139.10  5864.28  -3448.68 11452.06     10067 13.42%
            Yield_kg_per_hectare 1213.48 12010.15 -14981.51 28205.14      8949 11.93%

----------------------------------------------------------------------
📋 Outlier Analysis (ZSCORE Method)
----------------------------------------------------------------------

                          Column     Mean      Std  Threshold  Outliers   Pct
                            Year  2019.49     2.87          3         0 0.00%
                     Rainfall_mm  1171.27   786.43          3      1029 1.37%
                   Temperature_C    25.55     7.18          3        15 0.02%
                        Humidity    70.77    16.62          3         0 0.00%
                  Sunshine_hours     7.00     1.73          3         0 0.00%
                             GDD  1872.53   897.12          3       109 0.15%
                Rainfall_Anomaly     0.00     0.17          3         0 0.00%
                    Pressure_KPa   101.00     1.15          3         0 0.00%
                  Wind_Speed_Kmh    17.50     7.22          3         0 0.00%
                         Soil_pH     6.82     0.85          3         0 0.00%
                    Soil_Quality    70.02    17.26          3         0 0.00%
                   OrganicCarbon     1.40     0.63          3         0 0.00%
                        Nitrogen    97.45    65.38          3       854 1.14%
                      Phosphorus    62.83    29.77          3       577 0.77%
                       Potassium    80.93    67.31          3      1674 2.23%
                   Soil_Moisture    50.12    17.33          3         0 0.00%
Fertilizer_Amount_kg_per_hectare   199.63    86.71          3         0 0.00%
                      Crop_Price  6405.47  7488.66          3      2823 3.76%
            Yield_kg_per_hectare 10667.58 18366.94          3      2240 2.99%

============================================================
  DATASET SUMMARY
============================================================
  Rows: 75,000
  Columns: 27
  Numeric Columns: 19

  Total Outliers Detected: 9,321

----------------------------------------------------------------------
📋 Creating Outlier Visualization
----------------------------------------------------------------------
✅ Created: 07_outlier_analysis.png

----------------------------------------------------------------------
📋 Key Insights
----------------------------------------------------------------------
ℹ️ Yield_kg_per_hectare: 2,240 outliers (2.99%) - Moderate
✅ Temperature_C: 15 outliers (0.02%) - Low
ℹ️ Rainfall_mm: 1,029 outliers (1.37%) - Moderate

======================================================================
🌾 ANALYSIS COMPLETE
======================================================================
